DEBUG 2020-11-03 20:03:19,944 - 
STOPPED
INFO 2020-11-04 19:36:15,109 - GET -> Client has fetched Root2/index.html
INFO 2020-11-04 19:36:15,189 - GET -> cookie sent: SessionId=95310
WARNING 2020-11-04 19:36:15,190 - [Errno 9] Bad file descriptor
INFO 2020-11-04 19:36:15,389 - GET -> Client has fetched Root2/csi_image.png
WARNING 2020-11-04 19:36:15,450 - [Errno 9] Bad file descriptor
INFO 2020-11-04 19:36:15,478 - GET -> Client has requested for not available file Root2/favicon.ico
WARNING 2020-11-04 19:36:15,480 - [Errno 9] Bad file descriptor
INFO 2020-11-04 19:36:24,750 - GET -> Has Fetched not modified Root2/index.html
WARNING 2020-11-04 19:36:24,751 - [Errno 9] Bad file descriptor
INFO 2020-11-04 19:37:36,883 - GET -> Client has fetched Root2/hello.html
WARNING 2020-11-04 19:37:36,883 - [Errno 9] Bad file descriptor
INFO 2020-11-04 19:40:52,170 - GET -> Has Fetched not modified Root2/index.html
INFO 2020-11-04 19:40:52,171 - GET -> cookie sent: SessionId=95310
WARNING 2020-11-04 19:40:52,172 - [Errno 9] Bad file descriptor
INFO 2020-11-04 19:40:52,257 - GET -> Has Fetched not modified Root2/csi_image.png
WARNING 2020-11-04 19:40:52,259 - [Errno 9] Bad file descriptor
INFO 2020-11-04 19:40:56,270 - GET -> Has Fetched not modified Root2/index.html
WARNING 2020-11-04 19:40:56,271 - [Errno 9] Bad file descriptor
DEBUG 2020-11-04 19:49:49,204 - 
STOPPED
INFO 2020-11-04 19:54:09,822 - GET -> Client has fetched Root1/index.html
WARNING 2020-11-04 19:54:09,839 - [Errno 9] Bad file descriptor
DEBUG 2020-11-04 19:55:02,403 - 
STOPPED
INFO 2020-11-04 19:55:06,004 - GET -> Has Fetched not modified Root1/index.html
WARNING 2020-11-04 19:55:06,005 - name 'path' is not defined
DEBUG 2020-11-04 19:55:37,761 - 
STOPPED
INFO 2020-11-04 19:55:39,281 - GET -> Has Fetched not modified Root1/index.html
WARNING 2020-11-04 19:55:39,285 - [Errno 9] Bad file descriptor
INFO 2020-11-04 19:57:04,308 - GET -> Has Fetched not modified Root1/index.html
WARNING 2020-11-04 19:57:04,309 - [Errno 9] Bad file descriptor
DEBUG 2020-11-04 19:57:19,911 - 
STOPPED
INFO 2020-11-04 19:57:23,354 - GET -> Has Fetched not modified Root1/index.html
WARNING 2020-11-04 19:57:23,361 - [Errno 9] Bad file descriptor
DEBUG 2020-11-04 19:58:02,655 - 
STOPPED
INFO 2020-11-04 19:58:05,267 - GET -> Has Fetched not modified Root1/index.html
WARNING 2020-11-04 19:58:05,279 - [Errno 9] Bad file descriptor
DEBUG 2020-11-04 19:58:18,583 - 
STOPPED
INFO 2020-11-04 19:58:20,520 - GET -> Has Fetched not modified Root1/index.html
WARNING 2020-11-04 19:58:20,524 - [Errno 9] Bad file descriptor
DEBUG 2020-11-04 19:58:43,300 - 
STOPPED
INFO 2020-11-04 19:58:46,373 - GET -> Has Fetched not modified Root1/index.html
WARNING 2020-11-04 19:58:46,388 - [Errno 9] Bad file descriptor
DEBUG 2020-11-04 20:01:52,439 - 
STOPPED
INFO 2020-11-04 20:01:55,142 - GET -> Has Fetched not modified Root1/index.html
WARNING 2020-11-04 20:01:55,151 - [Errno 9] Bad file descriptor
DEBUG 2020-11-04 20:02:27,099 - 
STOPPED
INFO 2020-11-04 20:02:30,811 - GET -> Has Fetched not modified Root1/index.html
WARNING 2020-11-04 20:02:30,831 - [Errno 9] Bad file descriptor
INFO 2020-11-04 20:03:36,462 - GET -> Client has requested for not available file Root1/hello.html
WARNING 2020-11-04 20:03:36,464 - [Errno 9] Bad file descriptor
INFO 2020-11-04 20:03:53,962 - GET -> Client has requested for not available file Root1/hello.html
WARNING 2020-11-04 20:03:53,962 - [Errno 9] Bad file descriptor
DEBUG 2020-11-04 20:07:12,040 - 
STOPPED
INFO 2020-11-04 20:07:15,088 - GET -> Client has requested for not available file Root1/hello.html
WARNING 2020-11-04 20:07:15,096 - [Errno 9] Bad file descriptor
DEBUG 2020-11-04 20:07:23,085 - 
STOPPED
INFO 2020-11-04 20:09:26,465 - GET -> Client has requested for not available file Root1/hello.html
WARNING 2020-11-04 20:09:26,485 - [Errno 9] Bad file descriptor
DEBUG 2020-11-04 20:10:26,292 - 
STOPPED
WARNING 2020-11-04 20:18:21,353 - name 'Root1' is not defined
DEBUG 2020-11-04 20:18:26,096 - 
STOPPED
INFO 2020-11-04 20:19:36,428 - GET -> Client has fetched Root1/hello.html.gz
WARNING 2020-11-04 20:19:36,446 - [Errno 9] Bad file descriptor
DEBUG 2020-11-04 20:20:10,773 - 
STOPPED
INFO 2020-11-04 20:20:14,372 - GET -> Has Fetched not modified Root1/hello.html.gz
WARNING 2020-11-04 20:20:14,381 - [Errno 9] Bad file descriptor
INFO 2020-11-04 20:20:19,207 - GET -> Has Fetched not modified Root1/hello.html.gz
WARNING 2020-11-04 20:20:19,208 - [Errno 9] Bad file descriptor
INFO 2020-11-04 20:20:55,407 - GET -> Has Fetched not modified Root1/hello.html.gz
WARNING 2020-11-04 20:20:55,408 - [Errno 9] Bad file descriptor
INFO 2020-11-04 20:21:09,363 - GET -> Client has fetched Root1/hello.html.gz
INFO 2020-11-04 20:21:09,364 - GET -> cookie sent: SessionId=81158
WARNING 2020-11-04 20:21:09,364 - [Errno 9] Bad file descriptor
INFO 2020-11-04 20:21:19,726 - GET -> Has Fetched not modified Root1/hello.html.gz
WARNING 2020-11-04 20:21:19,727 - [Errno 9] Bad file descriptor
DEBUG 2020-11-04 21:54:24,712 - 
STOPPED
WARNING 2020-11-04 21:54:28,691 - 'str' object has no attribute 'splitext'
DEBUG 2020-11-04 21:55:57,482 - 
STOPPED
INFO 2020-11-04 21:55:58,594 - GET -> Has Fetched not modified Root1/hello.html.gz
WARNING 2020-11-04 21:55:58,599 - [Errno 9] Bad file descriptor
DEBUG 2020-11-04 21:56:17,615 - 
STOPPED
INFO 2020-11-04 21:56:59,868 - GET -> Client has requested for not available file Root1/hello.html
WARNING 2020-11-04 21:56:59,877 - [Errno 9] Bad file descriptor
INFO 2020-11-04 21:57:21,697 - GET -> Client has requested for not available file Root1/hello.html
WARNING 2020-11-04 21:57:21,698 - [Errno 9] Bad file descriptor
INFO 2020-11-04 21:57:24,407 - GET -> Client has requested for not available file Root1/hello.html
WARNING 2020-11-04 21:57:24,408 - [Errno 9] Bad file descriptor
DEBUG 2020-11-04 21:57:44,474 - 
STOPPED
INFO 2020-11-04 21:58:33,180 - GET -> Client has requested for not available file Root1/hello.htmlgz
WARNING 2020-11-04 21:58:33,186 - [Errno 9] Bad file descriptor
DEBUG 2020-11-04 21:59:00,757 - 
STOPPED
INFO 2020-11-04 21:59:02,764 - GET -> Client has fetched Root1/hello.html.gz
WARNING 2020-11-04 21:59:02,770 - [Errno 9] Bad file descriptor
DEBUG 2020-11-04 22:06:22,312 - 
STOPPED
INFO 2020-11-04 22:11:36,010 - GET -> Client has fetched Root2/hello.html.br
WARNING 2020-11-04 22:11:36,023 - [Errno 9] Bad file descriptor
INFO 2020-11-04 22:11:39,770 - GET -> Client has fetched Root2/hello.html.br
WARNING 2020-11-04 22:11:39,772 - [Errno 9] Bad file descriptor
DEBUG 2020-11-04 22:12:15,707 - 
STOPPED
INFO 2020-11-04 22:12:18,899 - GET -> Client has fetched Root2/hello.html.br
WARNING 2020-11-04 22:12:18,906 - [Errno 9] Bad file descriptor
INFO 2020-11-04 22:13:17,484 - GET -> Has Fetched not modified Root2/hello.html
WARNING 2020-11-04 22:13:17,484 - local variable 'finalextension' referenced before assignment
DEBUG 2020-11-04 22:13:49,096 - 
STOPPED
INFO 2020-11-04 22:13:50,745 - GET -> Has Fetched not modified Root2/hello.html
WARNING 2020-11-04 22:13:50,750 - [Errno 9] Bad file descriptor
INFO 2020-11-04 22:14:07,191 - GET -> Client has fetched Root2/hello.html
WARNING 2020-11-04 22:14:07,193 - [Errno 9] Bad file descriptor
INFO 2020-11-04 22:14:12,373 - GET -> Client has fetched Root2/hello.html
WARNING 2020-11-04 22:14:12,375 - [Errno 9] Bad file descriptor
INFO 2020-11-04 22:14:28,751 - GET -> Client has fetched Root1/hello.html.gz
WARNING 2020-11-04 22:14:28,753 - [Errno 9] Bad file descriptor
DEBUG 2020-11-04 22:16:01,405 - 
STOPPED
WARNING 2020-11-04 22:16:04,921 - name 'gzip' is not defined
DEBUG 2020-11-04 22:16:29,701 - 
STOPPED
INFO 2020-11-04 22:16:32,952 - GET -> Client has fetched Root1/hello.html.gz
WARNING 2020-11-04 22:16:32,960 - [Errno 9] Bad file descriptor
DEBUG 2020-11-04 22:17:04,450 - 
STOPPED
INFO 2020-11-04 22:17:40,772 - GET -> Has Fetched not modified Root1/hello.html.gz
WARNING 2020-11-04 22:17:40,790 - [Errno 9] Bad file descriptor
DEBUG 2020-11-04 22:17:49,922 - 
STOPPED
INFO 2020-11-04 22:18:29,178 - GET -> Client has fetched Root1/hello.html.gz
WARNING 2020-11-04 22:18:29,193 - [Errno 9] Bad file descriptor
INFO 2020-11-04 22:31:33,597 - GET -> Client has fetched Root1/hello.html.gz
WARNING 2020-11-04 22:31:33,599 - [Errno 9] Bad file descriptor
DEBUG 2020-11-04 22:42:41,230 - 
STOPPED
INFO 2020-11-04 22:45:57,096 - GET -> Has Fetched not modified Root1/hello.html.gz
WARNING 2020-11-04 22:45:57,108 - [Errno 9] Bad file descriptor
INFO 2020-11-04 22:45:59,247 - GET -> Has Fetched not modified Root1/hello.html.gz
WARNING 2020-11-04 22:45:59,247 - [Errno 9] Bad file descriptor
DEBUG 2020-11-04 22:46:50,362 - 
STOPPED
INFO 2020-11-04 22:47:15,356 - GET -> Has Fetched not modified Root1/hello.html.gz
WARNING 2020-11-04 22:47:15,363 - [Errno 9] Bad file descriptor
DEBUG 2020-11-04 22:47:18,621 - 
STOPPED
